<?xml version="1.0" encoding="UTF-8"?>
<TestRun id="0842bf31-7cdf-41b4-8154-31224fdc06ff" name="dan.colarossi@EME-W-583 2013-06-18 11:01:39" runUser="OAMPSINS\dan.colarossi" xmlns="http://microsoft.com/schemas/VisualStudio/TeamTest/2010">
  <TestSettings name="Local" id="48d37155-d630-460e-9546-ad3dd099f68e">
    <Description>These are default test settings for a local test run.</Description>
    <Deployment enabled="false" runDeploymentRoot="dan.colarossi_EME-W-583 2013-06-18 11_01_39">
      <DeploymentItem filename="C:\Projects\obscode\OAMPS\OAMPS\WordAutomation\Main\src\OfficeTemplates\OAMPS.Office.BusinessLogic\bin\Debug\OAMPS.Office.BusinessLogic.dll" />
    </Deployment>
    <Execution>
      <TestTypeSpecific />
      <AgentRule name="Execution Agents">
      </AgentRule>
    </Execution>
  </TestSettings>
  <Times creation="2013-06-18T11:01:39.0817223+10:00" queuing="2013-06-18T11:01:40.7691791+10:00" start="2013-06-18T11:01:40.8629267+10:00" finish="2013-06-18T11:14:14.1153975+10:00" />
  <ResultSummary outcome="Error">
    <Counters total="5" executed="1" error="0" failed="0" timeout="0" aborted="1" inconclusive="0" passedButRunAborted="0" notRunnable="0" notExecuted="4" disconnected="0" warning="0" passed="0" completed="0" inProgress="0" pending="0" />
    <RunInfos>
      <RunInfo computerName="EME-W-583" outcome="Error" timestamp="2013-06-18T11:14:14.1153975+10:00">
        <Text>Test host process exited unexpectedly.</Text>
      </RunInfo>
    </RunInfos>
  </ResultSummary>
  <TestDefinitions>
    <UnitTest name="DeletePageTest" storage="c:\projects\obscode\oamps\oamps\wordautomation\main\src\officetemplates\oamps.office.tests.unittest\bin\debug\oamps.office.tests.unittest.dll" id="befde1ec-4b46-714d-560e-66dcd6bd3ef1">
      <Execution id="4f8caba0-68e7-49d8-b880-29e0517e8813" />
      <TestMethod codeBase="C:/Projects/obscode/OAMPS/OAMPS/WordAutomation/Main/src/OfficeTemplates/OAMPS.Office.Tests.UnitTest/bin/Debug/OAMPS.Office.Tests.UnitTest.DLL" adapterTypeName="Microsoft.VisualStudio.TestTools.TestTypes.Unit.UnitTestAdapter, Microsoft.VisualStudio.QualityTools.Tips.UnitTest.Adapter, Version=10.0.0.0, Culture=neutral, PublicKeyToken=b03f5f7f11d50a3a" className="OAMPS.Office.Tests.UnitTest.InsuranceRenewealReportPresenterTest, OAMPS.Office.Tests.UnitTest, Version=1.0.0.0, Culture=neutral, PublicKeyToken=null" name="DeletePageTest" />
    </UnitTest>
    <UnitTest name="PopulateBasisOfCoverTest" storage="c:\projects\obscode\oamps\oamps\wordautomation\main\src\officetemplates\oamps.office.tests.unittest\bin\debug\oamps.office.tests.unittest.dll" id="be201511-b4c4-b775-8b4f-a19d98eaec7a">
      <Execution id="56a0722b-13f3-491e-b231-590ba4075666" />
      <TestMethod codeBase="C:/Projects/obscode/OAMPS/OAMPS/WordAutomation/Main/src/OfficeTemplates/OAMPS.Office.Tests.UnitTest/bin/Debug/OAMPS.Office.Tests.UnitTest.DLL" adapterTypeName="Microsoft.VisualStudio.TestTools.TestTypes.Unit.UnitTestAdapter, Microsoft.VisualStudio.QualityTools.Tips.UnitTest.Adapter, Version=10.0.0.0, Culture=neutral, PublicKeyToken=b03f5f7f11d50a3a" className="OAMPS.Office.Tests.UnitTest.InsuranceRenewealReportPresenterTest, OAMPS.Office.Tests.UnitTest, Version=1.0.0.0, Culture=neutral, PublicKeyToken=null" name="PopulateBasisOfCoverTest" />
    </UnitTest>
    <UnitTest name="PopulateGraphicsTest" storage="c:\projects\obscode\oamps\oamps\wordautomation\main\src\officetemplates\oamps.office.tests.unittest\bin\debug\oamps.office.tests.unittest.dll" id="09412fa5-a87a-794a-874a-44bf2fc68153">
      <Execution id="af22648f-b15a-4c23-b295-4d9fd11c029e" />
      <TestMethod codeBase="C:/Projects/obscode/OAMPS/OAMPS/WordAutomation/Main/src/OfficeTemplates/OAMPS.Office.Tests.UnitTest/bin/Debug/OAMPS.Office.Tests.UnitTest.DLL" adapterTypeName="Microsoft.VisualStudio.TestTools.TestTypes.Unit.UnitTestAdapter, Microsoft.VisualStudio.QualityTools.Tips.UnitTest.Adapter, Version=10.0.0.0, Culture=neutral, PublicKeyToken=b03f5f7f11d50a3a" className="OAMPS.Office.Tests.UnitTest.InsuranceRenewealReportPresenterTest, OAMPS.Office.Tests.UnitTest, Version=1.0.0.0, Culture=neutral, PublicKeyToken=null" name="PopulateGraphicsTest" />
    </UnitTest>
    <UnitTest name="LoadIncludedPolicyClassesTest" storage="c:\projects\obscode\oamps\oamps\wordautomation\main\src\officetemplates\oamps.office.tests.unittest\bin\debug\oamps.office.tests.unittest.dll" id="656dd4e3-f4ca-d94f-64f3-22c9b1779827">
      <Execution id="869d6ff1-a273-47ea-afbf-25724876160d" />
      <TestMethod codeBase="C:/Projects/obscode/OAMPS/OAMPS/WordAutomation/Main/src/OfficeTemplates/OAMPS.Office.Tests.UnitTest/bin/Debug/OAMPS.Office.Tests.UnitTest.DLL" adapterTypeName="Microsoft.VisualStudio.TestTools.TestTypes.Unit.UnitTestAdapter, Microsoft.VisualStudio.QualityTools.Tips.UnitTest.Adapter, Version=10.0.0.0, Culture=neutral, PublicKeyToken=b03f5f7f11d50a3a" className="OAMPS.Office.Tests.UnitTest.InsuranceRenewealReportPresenterTest, OAMPS.Office.Tests.UnitTest, Version=1.0.0.0, Culture=neutral, PublicKeyToken=null" name="LoadIncludedPolicyClassesTest" />
    </UnitTest>
    <UnitTest name="CheckNameTest" storage="c:\projects\obscode\oamps\oamps\wordautomation\main\src\officetemplates\oamps.office.tests.unittest\bin\debug\oamps.office.tests.unittest.dll" id="9d39ceac-35f1-f4cd-6c57-ae90f580cb86">
      <Execution id="df539efe-cc0a-456e-b41c-08daed378a25" />
      <TestMethod codeBase="C:/Projects/obscode/OAMPS/OAMPS/WordAutomation/Main/src/OfficeTemplates/OAMPS.Office.Tests.UnitTest/bin/Debug/OAMPS.Office.Tests.UnitTest.DLL" adapterTypeName="Microsoft.VisualStudio.TestTools.TestTypes.Unit.UnitTestAdapter, Microsoft.VisualStudio.QualityTools.Tips.UnitTest.Adapter, Version=10.0.0.0, Culture=neutral, PublicKeyToken=b03f5f7f11d50a3a" className="OAMPS.Office.Tests.UnitTest.InsuranceRenewealReportPresenterTest, OAMPS.Office.Tests.UnitTest, Version=1.0.0.0, Culture=neutral, PublicKeyToken=null" name="CheckNameTest" />
    </UnitTest>
  </TestDefinitions>
  <TestLists>
    <TestList name="Results Not in a List" id="8c84fa94-04c1-424b-9868-57a2d4851a1d" />
    <TestList name="All Loaded Results" id="19431567-8539-422a-85d7-44ee4e166bda" />
  </TestLists>
  <TestEntries>
    <TestEntry testId="09412fa5-a87a-794a-874a-44bf2fc68153" executionId="af22648f-b15a-4c23-b295-4d9fd11c029e" testListId="8c84fa94-04c1-424b-9868-57a2d4851a1d" />
    <TestEntry testId="656dd4e3-f4ca-d94f-64f3-22c9b1779827" executionId="869d6ff1-a273-47ea-afbf-25724876160d" testListId="8c84fa94-04c1-424b-9868-57a2d4851a1d" />
    <TestEntry testId="9d39ceac-35f1-f4cd-6c57-ae90f580cb86" executionId="df539efe-cc0a-456e-b41c-08daed378a25" testListId="8c84fa94-04c1-424b-9868-57a2d4851a1d" />
    <TestEntry testId="be201511-b4c4-b775-8b4f-a19d98eaec7a" executionId="56a0722b-13f3-491e-b231-590ba4075666" testListId="8c84fa94-04c1-424b-9868-57a2d4851a1d" />
    <TestEntry testId="befde1ec-4b46-714d-560e-66dcd6bd3ef1" executionId="4f8caba0-68e7-49d8-b880-29e0517e8813" testListId="8c84fa94-04c1-424b-9868-57a2d4851a1d" />
  </TestEntries>
  <Results>
    <UnitTestResult executionId="af22648f-b15a-4c23-b295-4d9fd11c029e" testId="09412fa5-a87a-794a-874a-44bf2fc68153" testName="PopulateGraphicsTest" computerName="EME-W-583" duration="00:12:33.1899724" startTime="2013-06-18T11:01:40.9254251+10:00" endTime="2013-06-18T11:14:14.1153975+10:00" testType="13cdc9d9-ddb5-4fa4-a97d-d965ccfc6d4b" outcome="Aborted" testListId="8c84fa94-04c1-424b-9868-57a2d4851a1d" relativeResultsDirectory="af22648f-b15a-4c23-b295-4d9fd11c029e">
    </UnitTestResult>
    <UnitTestResult executionId="869d6ff1-a273-47ea-afbf-25724876160d" testId="656dd4e3-f4ca-d94f-64f3-22c9b1779827" testName="LoadIncludedPolicyClassesTest" computerName="EME-W-583" testType="13cdc9d9-ddb5-4fa4-a97d-d965ccfc6d4b" outcome="NotExecuted" testListId="8c84fa94-04c1-424b-9868-57a2d4851a1d" relativeResultsDirectory="869d6ff1-a273-47ea-afbf-25724876160d">
    </UnitTestResult>
    <UnitTestResult executionId="df539efe-cc0a-456e-b41c-08daed378a25" testId="9d39ceac-35f1-f4cd-6c57-ae90f580cb86" testName="CheckNameTest" computerName="EME-W-583" testType="13cdc9d9-ddb5-4fa4-a97d-d965ccfc6d4b" outcome="NotExecuted" testListId="8c84fa94-04c1-424b-9868-57a2d4851a1d" relativeResultsDirectory="df539efe-cc0a-456e-b41c-08daed378a25">
    </UnitTestResult>
    <UnitTestResult executionId="56a0722b-13f3-491e-b231-590ba4075666" testId="be201511-b4c4-b775-8b4f-a19d98eaec7a" testName="PopulateBasisOfCoverTest" computerName="EME-W-583" testType="13cdc9d9-ddb5-4fa4-a97d-d965ccfc6d4b" outcome="NotExecuted" testListId="8c84fa94-04c1-424b-9868-57a2d4851a1d" relativeResultsDirectory="56a0722b-13f3-491e-b231-590ba4075666">
    </UnitTestResult>
    <UnitTestResult executionId="4f8caba0-68e7-49d8-b880-29e0517e8813" testId="befde1ec-4b46-714d-560e-66dcd6bd3ef1" testName="DeletePageTest" computerName="EME-W-583" testType="13cdc9d9-ddb5-4fa4-a97d-d965ccfc6d4b" outcome="NotExecuted" testListId="8c84fa94-04c1-424b-9868-57a2d4851a1d" relativeResultsDirectory="4f8caba0-68e7-49d8-b880-29e0517e8813">
    </UnitTestResult>
  </Results>
</TestRun>