<?xml version="1.0" encoding="UTF-8"?>
<TestRun id="29ea032e-12ec-4da3-aa17-28192f915d3b" name="dan.colarossi@EME-W-583 2013-02-20 16:46:14" runUser="OAMPSINS\dan.colarossi" xmlns="http://microsoft.com/schemas/VisualStudio/TeamTest/2010">
  <TestSettings name="Local" id="48d37155-d630-460e-9546-ad3dd099f68e">
    <Description>These are default test settings for a local test run.</Description>
    <Deployment enabled="false" runDeploymentRoot="dan.colarossi_EME-W-583 2013-02-20 16_46_14">
      <DeploymentItem filename="C:\Projects\obscode\OAMPS\OAMPS\WordAutomation\Main\src\OfficeTemplates\OAMPS.Office.BusinessLogic\bin\Debug\OAMPS.Office.BusinessLogic.dll" />
    </Deployment>
    <Execution>
      <TestTypeSpecific />
      <AgentRule name="Execution Agents">
      </AgentRule>
    </Execution>
  </TestSettings>
  <Times creation="2013-02-20T16:46:14.3341015+11:00" queuing="2013-02-20T16:46:14.3809762+11:00" start="2013-02-20T16:46:14.3809762+11:00" finish="2013-02-20T16:46:14.5997248+11:00" />
  <ResultSummary outcome="Completed">
    <Counters total="3" executed="3" passed="3" error="0" failed="0" timeout="0" aborted="0" inconclusive="0" passedButRunAborted="0" notRunnable="0" notExecuted="0" disconnected="0" warning="0" completed="0" inProgress="0" pending="0" />
  </ResultSummary>
  <TestDefinitions>
    <UnitTest name="DeletePageTest" storage="c:\projects\obscode\oamps\oamps\wordautomation\main\src\officetemplates\oamps.office.tests.unittest\bin\debug\oamps.office.tests.unittest.dll" id="1b5cab22-b096-8dca-cabb-5c3b5fed9e7c">
      <Execution id="c540f366-fca2-4e69-85d7-6f4c368fc8a2" />
      <TestMethod codeBase="C:/Projects/obscode/OAMPS/OAMPS/WordAutomation/Main/src/OfficeTemplates/OAMPS.Office.Tests.UnitTest/bin/Debug/OAMPS.Office.Tests.UnitTest.DLL" adapterTypeName="Microsoft.VisualStudio.TestTools.TestTypes.Unit.UnitTestAdapter, Microsoft.VisualStudio.QualityTools.Tips.UnitTest.Adapter, Version=10.0.0.0, Culture=neutral, PublicKeyToken=b03f5f7f11d50a3a" className="OAMPS.Office.Tests.UnitTest.DocumentPresenterTest, OAMPS.Office.Tests.UnitTest, Version=1.0.0.0, Culture=neutral, PublicKeyToken=null" name="DeletePageTest" />
    </UnitTest>
    <UnitTest name="PopulateGraphicsTest" storage="c:\projects\obscode\oamps\oamps\wordautomation\main\src\officetemplates\oamps.office.tests.unittest\bin\debug\oamps.office.tests.unittest.dll" id="f627bdd4-9394-6b64-4afc-50259a015ba8">
      <Execution id="4cd0f74f-7d0c-4c19-91f1-84b676b3d2e0" />
      <TestMethod codeBase="C:/Projects/obscode/OAMPS/OAMPS/WordAutomation/Main/src/OfficeTemplates/OAMPS.Office.Tests.UnitTest/bin/Debug/OAMPS.Office.Tests.UnitTest.DLL" adapterTypeName="Microsoft.VisualStudio.TestTools.TestTypes.Unit.UnitTestAdapter, Microsoft.VisualStudio.QualityTools.Tips.UnitTest.Adapter, Version=10.0.0.0, Culture=neutral, PublicKeyToken=b03f5f7f11d50a3a" className="OAMPS.Office.Tests.UnitTest.DocumentPresenterTest, OAMPS.Office.Tests.UnitTest, Version=1.0.0.0, Culture=neutral, PublicKeyToken=null" name="PopulateGraphicsTest" />
    </UnitTest>
    <UnitTest name="CheckNameTest" storage="c:\projects\obscode\oamps\oamps\wordautomation\main\src\officetemplates\oamps.office.tests.unittest\bin\debug\oamps.office.tests.unittest.dll" id="7b49b58e-3577-c433-2598-b8ae2fb1f3d2">
      <Execution id="c90ff820-f026-40e5-810d-d9e298945958" />
      <TestMethod codeBase="C:/Projects/obscode/OAMPS/OAMPS/WordAutomation/Main/src/OfficeTemplates/OAMPS.Office.Tests.UnitTest/bin/Debug/OAMPS.Office.Tests.UnitTest.DLL" adapterTypeName="Microsoft.VisualStudio.TestTools.TestTypes.Unit.UnitTestAdapter, Microsoft.VisualStudio.QualityTools.Tips.UnitTest.Adapter, Version=10.0.0.0, Culture=neutral, PublicKeyToken=b03f5f7f11d50a3a" className="OAMPS.Office.Tests.UnitTest.DocumentPresenterTest, OAMPS.Office.Tests.UnitTest, Version=1.0.0.0, Culture=neutral, PublicKeyToken=null" name="CheckNameTest" />
    </UnitTest>
  </TestDefinitions>
  <TestLists>
    <TestList name="Results Not in a List" id="8c84fa94-04c1-424b-9868-57a2d4851a1d" />
    <TestList name="All Loaded Results" id="19431567-8539-422a-85d7-44ee4e166bda" />
  </TestLists>
  <TestEntries>
    <TestEntry testId="1b5cab22-b096-8dca-cabb-5c3b5fed9e7c" executionId="c540f366-fca2-4e69-85d7-6f4c368fc8a2" testListId="8c84fa94-04c1-424b-9868-57a2d4851a1d" />
    <TestEntry testId="7b49b58e-3577-c433-2598-b8ae2fb1f3d2" executionId="c90ff820-f026-40e5-810d-d9e298945958" testListId="8c84fa94-04c1-424b-9868-57a2d4851a1d" />
    <TestEntry testId="f627bdd4-9394-6b64-4afc-50259a015ba8" executionId="4cd0f74f-7d0c-4c19-91f1-84b676b3d2e0" testListId="8c84fa94-04c1-424b-9868-57a2d4851a1d" />
  </TestEntries>
  <Results>
    <UnitTestResult executionId="c540f366-fca2-4e69-85d7-6f4c368fc8a2" testId="1b5cab22-b096-8dca-cabb-5c3b5fed9e7c" testName="DeletePageTest" computerName="EME-W-583" duration="00:00:00.0108220" startTime="2013-02-20T16:46:14.3809762+11:00" endTime="2013-02-20T16:46:14.5684750+11:00" testType="13cdc9d9-ddb5-4fa4-a97d-d965ccfc6d4b" outcome="Passed" testListId="8c84fa94-04c1-424b-9868-57a2d4851a1d" relativeResultsDirectory="c540f366-fca2-4e69-85d7-6f4c368fc8a2">
    </UnitTestResult>
    <UnitTestResult executionId="c90ff820-f026-40e5-810d-d9e298945958" testId="7b49b58e-3577-c433-2598-b8ae2fb1f3d2" testName="CheckNameTest" computerName="EME-W-583" duration="00:00:00.0011750" startTime="2013-02-20T16:46:14.5684750+11:00" endTime="2013-02-20T16:46:14.5684750+11:00" testType="13cdc9d9-ddb5-4fa4-a97d-d965ccfc6d4b" outcome="Passed" testListId="8c84fa94-04c1-424b-9868-57a2d4851a1d" relativeResultsDirectory="c90ff820-f026-40e5-810d-d9e298945958">
    </UnitTestResult>
    <UnitTestResult executionId="4cd0f74f-7d0c-4c19-91f1-84b676b3d2e0" testId="f627bdd4-9394-6b64-4afc-50259a015ba8" testName="PopulateGraphicsTest" computerName="EME-W-583" duration="00:00:00.0020270" startTime="2013-02-20T16:46:14.5840999+11:00" endTime="2013-02-20T16:46:14.5840999+11:00" testType="13cdc9d9-ddb5-4fa4-a97d-d965ccfc6d4b" outcome="Passed" testListId="8c84fa94-04c1-424b-9868-57a2d4851a1d" relativeResultsDirectory="4cd0f74f-7d0c-4c19-91f1-84b676b3d2e0">
    </UnitTestResult>
  </Results>
</TestRun>