<?xml version="1.0" encoding="UTF-8"?>
<TestRun id="71d29421-0d46-40ec-8aa0-31cfe6a0d674" name="dan.colarossi@EME-W-583 2013-04-09 10:49:07" runUser="OAMPSINS\dan.colarossi" xmlns="http://microsoft.com/schemas/VisualStudio/TeamTest/2010">
  <TestSettings name="Local" id="48d37155-d630-460e-9546-ad3dd099f68e">
    <Description>These are default test settings for a local test run.</Description>
    <Deployment enabled="false" runDeploymentRoot="dan.colarossi_EME-W-583 2013-04-09 10_49_07">
      <DeploymentItem filename="C:\Projects\obscode\OAMPS\OAMPS\WordAutomation\Main\src\OfficeTemplates\OAMPS.Office.BusinessLogic\bin\Debug\OAMPS.Office.BusinessLogic.dll" />
    </Deployment>
    <Execution>
      <TestTypeSpecific />
      <AgentRule name="Execution Agents">
      </AgentRule>
    </Execution>
  </TestSettings>
  <Times creation="2013-04-09T10:49:07.1230368+10:00" queuing="2013-04-09T10:49:08.1229728+10:00" start="2013-04-09T10:49:08.2010928+10:00" finish="2013-04-09T10:49:08.7010608+10:00" />
  <ResultSummary outcome="Failed">
    <Counters total="4" executed="4" passed="3" error="0" failed="1" timeout="0" aborted="0" inconclusive="0" passedButRunAborted="0" notRunnable="0" notExecuted="0" disconnected="0" warning="0" completed="0" inProgress="0" pending="0" />
  </ResultSummary>
  <TestDefinitions>
    <UnitTest name="DeletePageTest" storage="c:\projects\obscode\oamps\oamps\wordautomation\main\src\officetemplates\oamps.office.tests.unittest\bin\debug\oamps.office.tests.unittest.dll" id="1b5cab22-b096-8dca-cabb-5c3b5fed9e7c">
      <Execution id="aa7e5b88-5810-4390-aca4-ed5f6484e8d2" />
      <TestMethod codeBase="C:/Projects/obscode/OAMPS/OAMPS/WordAutomation/Main/src/OfficeTemplates/OAMPS.Office.Tests.UnitTest/bin/Debug/OAMPS.Office.Tests.UnitTest.DLL" adapterTypeName="Microsoft.VisualStudio.TestTools.TestTypes.Unit.UnitTestAdapter, Microsoft.VisualStudio.QualityTools.Tips.UnitTest.Adapter, Version=10.0.0.0, Culture=neutral, PublicKeyToken=b03f5f7f11d50a3a" className="OAMPS.Office.Tests.UnitTest.DocumentPresenterTest, OAMPS.Office.Tests.UnitTest, Version=1.0.0.0, Culture=neutral, PublicKeyToken=null" name="DeletePageTest" />
    </UnitTest>
    <UnitTest name="PopulateBasisOfCoverTest" storage="c:\projects\obscode\oamps\oamps\wordautomation\main\src\officetemplates\oamps.office.tests.unittest\bin\debug\oamps.office.tests.unittest.dll" id="b05a6cf1-9ef2-93d6-1ebe-088522f2b4e1">
      <Execution id="13c6c874-1357-4f39-824d-ba87f7afadaf" />
      <TestMethod codeBase="C:/Projects/obscode/OAMPS/OAMPS/WordAutomation/Main/src/OfficeTemplates/OAMPS.Office.Tests.UnitTest/bin/Debug/OAMPS.Office.Tests.UnitTest.DLL" adapterTypeName="Microsoft.VisualStudio.TestTools.TestTypes.Unit.UnitTestAdapter, Microsoft.VisualStudio.QualityTools.Tips.UnitTest.Adapter, Version=10.0.0.0, Culture=neutral, PublicKeyToken=b03f5f7f11d50a3a" className="OAMPS.Office.Tests.UnitTest.DocumentPresenterTest, OAMPS.Office.Tests.UnitTest, Version=1.0.0.0, Culture=neutral, PublicKeyToken=null" name="PopulateBasisOfCoverTest" />
    </UnitTest>
    <UnitTest name="PopulateGraphicsTest" storage="c:\projects\obscode\oamps\oamps\wordautomation\main\src\officetemplates\oamps.office.tests.unittest\bin\debug\oamps.office.tests.unittest.dll" id="f627bdd4-9394-6b64-4afc-50259a015ba8">
      <Execution id="a1d3291c-00af-4585-aa5d-8f1ef33c357a" />
      <TestMethod codeBase="C:/Projects/obscode/OAMPS/OAMPS/WordAutomation/Main/src/OfficeTemplates/OAMPS.Office.Tests.UnitTest/bin/Debug/OAMPS.Office.Tests.UnitTest.DLL" adapterTypeName="Microsoft.VisualStudio.TestTools.TestTypes.Unit.UnitTestAdapter, Microsoft.VisualStudio.QualityTools.Tips.UnitTest.Adapter, Version=10.0.0.0, Culture=neutral, PublicKeyToken=b03f5f7f11d50a3a" className="OAMPS.Office.Tests.UnitTest.DocumentPresenterTest, OAMPS.Office.Tests.UnitTest, Version=1.0.0.0, Culture=neutral, PublicKeyToken=null" name="PopulateGraphicsTest" />
    </UnitTest>
    <UnitTest name="CheckNameTest" storage="c:\projects\obscode\oamps\oamps\wordautomation\main\src\officetemplates\oamps.office.tests.unittest\bin\debug\oamps.office.tests.unittest.dll" id="7b49b58e-3577-c433-2598-b8ae2fb1f3d2">
      <Execution id="93d2be16-5e35-4565-9cf5-39a0d08f085f" />
      <TestMethod codeBase="C:/Projects/obscode/OAMPS/OAMPS/WordAutomation/Main/src/OfficeTemplates/OAMPS.Office.Tests.UnitTest/bin/Debug/OAMPS.Office.Tests.UnitTest.DLL" adapterTypeName="Microsoft.VisualStudio.TestTools.TestTypes.Unit.UnitTestAdapter, Microsoft.VisualStudio.QualityTools.Tips.UnitTest.Adapter, Version=10.0.0.0, Culture=neutral, PublicKeyToken=b03f5f7f11d50a3a" className="OAMPS.Office.Tests.UnitTest.DocumentPresenterTest, OAMPS.Office.Tests.UnitTest, Version=1.0.0.0, Culture=neutral, PublicKeyToken=null" name="CheckNameTest" />
    </UnitTest>
  </TestDefinitions>
  <TestLists>
    <TestList name="Results Not in a List" id="8c84fa94-04c1-424b-9868-57a2d4851a1d" />
    <TestList name="All Loaded Results" id="19431567-8539-422a-85d7-44ee4e166bda" />
  </TestLists>
  <TestEntries>
    <TestEntry testId="1b5cab22-b096-8dca-cabb-5c3b5fed9e7c" executionId="aa7e5b88-5810-4390-aca4-ed5f6484e8d2" testListId="8c84fa94-04c1-424b-9868-57a2d4851a1d" />
    <TestEntry testId="7b49b58e-3577-c433-2598-b8ae2fb1f3d2" executionId="93d2be16-5e35-4565-9cf5-39a0d08f085f" testListId="8c84fa94-04c1-424b-9868-57a2d4851a1d" />
    <TestEntry testId="b05a6cf1-9ef2-93d6-1ebe-088522f2b4e1" executionId="13c6c874-1357-4f39-824d-ba87f7afadaf" testListId="8c84fa94-04c1-424b-9868-57a2d4851a1d" />
    <TestEntry testId="f627bdd4-9394-6b64-4afc-50259a015ba8" executionId="a1d3291c-00af-4585-aa5d-8f1ef33c357a" testListId="8c84fa94-04c1-424b-9868-57a2d4851a1d" />
  </TestEntries>
  <Results>
    <UnitTestResult executionId="aa7e5b88-5810-4390-aca4-ed5f6484e8d2" testId="1b5cab22-b096-8dca-cabb-5c3b5fed9e7c" testName="DeletePageTest" computerName="EME-W-583" duration="00:00:00.0111642" startTime="2013-04-09T10:49:08.2479648+10:00" endTime="2013-04-09T10:49:08.6073168+10:00" testType="13cdc9d9-ddb5-4fa4-a97d-d965ccfc6d4b" outcome="Passed" testListId="8c84fa94-04c1-424b-9868-57a2d4851a1d" relativeResultsDirectory="aa7e5b88-5810-4390-aca4-ed5f6484e8d2">
    </UnitTestResult>
    <UnitTestResult executionId="93d2be16-5e35-4565-9cf5-39a0d08f085f" testId="7b49b58e-3577-c433-2598-b8ae2fb1f3d2" testName="CheckNameTest" computerName="EME-W-583" duration="00:00:00.0011741" startTime="2013-04-09T10:49:08.6073168+10:00" endTime="2013-04-09T10:49:08.6073168+10:00" testType="13cdc9d9-ddb5-4fa4-a97d-d965ccfc6d4b" outcome="Passed" testListId="8c84fa94-04c1-424b-9868-57a2d4851a1d" relativeResultsDirectory="93d2be16-5e35-4565-9cf5-39a0d08f085f">
    </UnitTestResult>
    <UnitTestResult executionId="13c6c874-1357-4f39-824d-ba87f7afadaf" testId="b05a6cf1-9ef2-93d6-1ebe-088522f2b4e1" testName="PopulateBasisOfCoverTest" computerName="EME-W-583" duration="00:00:00.0528477" startTime="2013-04-09T10:49:08.6073168+10:00" endTime="2013-04-09T10:49:08.6854368+10:00" testType="13cdc9d9-ddb5-4fa4-a97d-d965ccfc6d4b" outcome="Failed" testListId="8c84fa94-04c1-424b-9868-57a2d4851a1d" relativeResultsDirectory="13c6c874-1357-4f39-824d-ba87f7afadaf">
      <Output>
        <ErrorInfo>
          <Message>Test method OAMPS.Office.Tests.UnitTest.DocumentPresenterTest.PopulateBasisOfCoverTest threw exception: 
System.NullReferenceException: Object reference not set to an instance of an object.</Message>
          <StackTrace>    at OAMPS.Office.Tests.UnitTest.DocumentPresenterTest.PopulateBasisOfCoverTest() in C:\Projects\obscode\OAMPS\OAMPS\WordAutomation\Main\src\OfficeTemplates\OAMPS.Office.Tests.UnitTest\DocumentPresenterTest.cs:line 461
</StackTrace>
        </ErrorInfo>
      </Output>
    </UnitTestResult>
    <UnitTestResult executionId="a1d3291c-00af-4585-aa5d-8f1ef33c357a" testId="f627bdd4-9394-6b64-4afc-50259a015ba8" testName="PopulateGraphicsTest" computerName="EME-W-583" duration="00:00:00.0022307" startTime="2013-04-09T10:49:08.6854368+10:00" endTime="2013-04-09T10:49:08.6854368+10:00" testType="13cdc9d9-ddb5-4fa4-a97d-d965ccfc6d4b" outcome="Passed" testListId="8c84fa94-04c1-424b-9868-57a2d4851a1d" relativeResultsDirectory="a1d3291c-00af-4585-aa5d-8f1ef33c357a">
    </UnitTestResult>
  </Results>
</TestRun>