<?xml version="1.0" encoding="UTF-8"?>
<TestRun id="acb91640-459b-4d53-abb1-54eace400eb8" name="dan.colarossi@EME-W-583 2013-07-03 15:56:58" runUser="OAMPSINS\dan.colarossi" xmlns="http://microsoft.com/schemas/VisualStudio/TeamTest/2010">
  <TestSettings name="Local" id="48d37155-d630-460e-9546-ad3dd099f68e">
    <Description>These are default test settings for a local test run.</Description>
    <Deployment enabled="false" runDeploymentRoot="dan.colarossi_EME-W-583 2013-07-03 15_56_58">
      <DeploymentItem filename="C:\Projects\obscode\OAMPS\OAMPS\WordAutomation\Main\src\OfficeTemplates\OAMPS.Office.BusinessLogic\bin\Debug\OAMPS.Office.BusinessLogic.dll" />
    </Deployment>
    <Execution>
      <TestTypeSpecific />
      <AgentRule name="Execution Agents">
      </AgentRule>
    </Execution>
  </TestSettings>
  <Times creation="2013-07-03T15:56:58.4686882+10:00" queuing="2013-07-03T15:57:06.3280129+10:00" start="2013-07-03T15:57:06.4842619+10:00" finish="2013-07-03T15:57:49.2339883+10:00" />
  <ResultSummary outcome="Error">
    <Counters total="1" executed="1" error="0" failed="0" timeout="0" aborted="1" inconclusive="0" passedButRunAborted="0" notRunnable="0" notExecuted="0" disconnected="0" warning="0" passed="0" completed="0" inProgress="0" pending="0" />
    <RunInfos>
      <RunInfo computerName="EME-W-583" outcome="Error" timestamp="2013-07-03T15:57:49.2339883+10:00">
        <Text>Test host process exited unexpectedly.</Text>
      </RunInfo>
    </RunInfos>
  </ResultSummary>
  <TestDefinitions>
    <UnitTest name="DeletePageTest" storage="c:\projects\obscode\oamps\oamps\wordautomation\main\src\officetemplates\oamps.office.tests.unittest\bin\debug\oamps.office.tests.unittest.dll" id="befde1ec-4b46-714d-560e-66dcd6bd3ef1">
      <Execution id="acc1cca3-c2f7-46b2-bebe-e69b493a1714" />
      <TestMethod codeBase="C:/Projects/obscode/OAMPS/OAMPS/WordAutomation/Main/src/OfficeTemplates/OAMPS.Office.Tests.UnitTest/bin/Debug/OAMPS.Office.Tests.UnitTest.DLL" adapterTypeName="Microsoft.VisualStudio.TestTools.TestTypes.Unit.UnitTestAdapter, Microsoft.VisualStudio.QualityTools.Tips.UnitTest.Adapter, Version=10.0.0.0, Culture=neutral, PublicKeyToken=b03f5f7f11d50a3a" className="OAMPS.Office.Tests.UnitTest.InsuranceRenewealReportPresenterTest, OAMPS.Office.Tests.UnitTest, Version=1.0.0.0, Culture=neutral, PublicKeyToken=null" name="DeletePageTest" />
    </UnitTest>
  </TestDefinitions>
  <TestLists>
    <TestList name="Results Not in a List" id="8c84fa94-04c1-424b-9868-57a2d4851a1d" />
    <TestList name="All Loaded Results" id="19431567-8539-422a-85d7-44ee4e166bda" />
  </TestLists>
  <TestEntries>
    <TestEntry testId="befde1ec-4b46-714d-560e-66dcd6bd3ef1" executionId="acc1cca3-c2f7-46b2-bebe-e69b493a1714" testListId="8c84fa94-04c1-424b-9868-57a2d4851a1d" />
  </TestEntries>
  <Results>
    <UnitTestResult executionId="acc1cca3-c2f7-46b2-bebe-e69b493a1714" testId="befde1ec-4b46-714d-560e-66dcd6bd3ef1" testName="DeletePageTest" computerName="EME-W-583" duration="00:00:42.5778525" startTime="2013-07-03T15:57:06.6561358+10:00" endTime="2013-07-03T15:57:49.2339883+10:00" testType="13cdc9d9-ddb5-4fa4-a97d-d965ccfc6d4b" outcome="Aborted" testListId="8c84fa94-04c1-424b-9868-57a2d4851a1d" relativeResultsDirectory="acc1cca3-c2f7-46b2-bebe-e69b493a1714">
    </UnitTestResult>
  </Results>
</TestRun>